<?xml version="1.0" encoding="UTF-8"?>
<testng-results ignored="0" total="1" passed="1" failed="0" skipped="0">
  <reporter-output>
  </reporter-output>
  <suite started-at="2022-05-19T18:29:39 CDT" name="Default suite" finished-at="2022-05-19T18:29:41 CDT" duration-ms="2661">
    <groups>
    </groups>
    <test started-at="2022-05-19T18:29:39 CDT" name="Default test" finished-at="2022-05-19T18:29:41 CDT" duration-ms="2661">
      <class name="practiceTestNG.GetAllLinks">
        <test-method is-config="true" signature="init()[pri:0, instance:practiceTestNG.GetAllLinks@212b5695]" started-at="2022-05-19T18:29:39 CDT" name="init" finished-at="2022-05-19T18:29:41 CDT" duration-ms="2204" status="PASS">
          <reporter-output>
          </reporter-output>
        </test-method> <!-- init -->
        <test-method signature="getlinks()[pri:0, instance:practiceTestNG.GetAllLinks@212b5695]" started-at="2022-05-19T18:29:41 CDT" name="getlinks" finished-at="2022-05-19T18:29:41 CDT" duration-ms="401" status="PASS">
          <reporter-output>
          </reporter-output>
        </test-method> <!-- getlinks -->
      </class> <!-- practiceTestNG.GetAllLinks -->
    </test> <!-- Default test -->
  </suite> <!-- Default suite -->
</testng-results>
