<?xml version="1.0" encoding="UTF-8"?>
<testng-results ignored="0" total="2" passed="2" failed="0" skipped="0">
  <reporter-output>
  </reporter-output>
  <suite started-at="2022-05-11T21:55:06 CDT" name="Default suite" finished-at="2022-05-11T21:55:12 CDT" duration-ms="6764">
    <groups>
    </groups>
    <test started-at="2022-05-11T21:55:06 CDT" name="Default test" finished-at="2022-05-11T21:55:12 CDT" duration-ms="6764">
      <class name="practiceTestNG.AddAccount">
        <test-method is-config="true" signature="init()[pri:0, instance:practiceTestNG.AddAccount@14555e0a]" started-at="2022-05-11T21:55:06 CDT" name="init" finished-at="2022-05-11T21:55:08 CDT" duration-ms="2246" status="PASS">
          <reporter-output>
          </reporter-output>
        </test-method> <!-- init -->
        <test-method signature="loginTest()[pri:1, instance:practiceTestNG.AddAccount@14555e0a]" started-at="2022-05-11T21:55:08 CDT" name="loginTest" finished-at="2022-05-11T21:55:09 CDT" duration-ms="1447" status="PASS">
          <reporter-output>
          </reporter-output>
        </test-method> <!-- loginTest -->
        <test-method signature="addcustomer()[pri:2, instance:practiceTestNG.AddAccount@14555e0a]" started-at="2022-05-11T21:55:09 CDT" name="addcustomer" finished-at="2022-05-11T21:55:12 CDT" duration-ms="3015" status="PASS">
          <reporter-output>
          </reporter-output>
        </test-method> <!-- addcustomer -->
      </class> <!-- practiceTestNG.AddAccount -->
    </test> <!-- Default test -->
  </suite> <!-- Default suite -->
</testng-results>
